2022-12-31 16:50:10.0776 [DEBUG] Scene Fusion version 1.9.3-0
2022-12-31 16:54:16.9710 [DEBUG] Scene Fusion version 1.9.3-0
2022-12-31 16:54:17.1105 [DEBUG] Play mode: True, sync in play mode: False
2022-12-31 16:54:25.2703 [DEBUG] Play mode: False
2022-12-31 17:47:58.7216 [DEBUG] Scene Fusion version 1.9.3-0
2022-12-31 17:47:58.8802 [DEBUG] Play mode: True, sync in play mode: False
2022-12-31 17:48:45.6908 [DEBUG] Play mode: False
2022-12-31 17:48:56.7064 [DEBUG] Scene Fusion version 1.9.3-0
2022-12-31 17:48:56.8466 [DEBUG] Play mode: True, sync in play mode: False
2022-12-31 17:50:41.8901 [DEBUG] Play mode: False
2022-12-31 17:52:09.1226 [DEBUG] Scene Fusion version 1.9.3-0
2022-12-31 17:52:09.2717 [DEBUG] Play mode: True, sync in play mode: False
2022-12-31 17:52:51.1221 [DEBUG] Play mode: False
2022-12-31 17:54:12.2961 [DEBUG] Scene Fusion version 1.9.3-0
2022-12-31 17:54:12.4362 [DEBUG] Play mode: True, sync in play mode: False
2022-12-31 17:54:34.6919 [DEBUG] Play mode: False
2022-12-31 17:54:39.4607 [DEBUG] Scene Fusion version 1.9.3-0
2022-12-31 17:54:39.5971 [DEBUG] Play mode: True, sync in play mode: False
2022-12-31 17:54:56.3244 [DEBUG] Play mode: False
2022-12-31 17:55:34.4955 [DEBUG] Scene Fusion version 1.9.3-0
2022-12-31 17:55:34.6322 [DEBUG] Play mode: True, sync in play mode: False
2022-12-31 17:55:39.0571 [DEBUG] Play mode: False
2022-12-31 17:55:45.8211 [DEBUG] Scene Fusion version 1.9.3-0
2022-12-31 17:55:45.9451 [DEBUG] Play mode: True, sync in play mode: False
2022-12-31 17:55:48.7169 [DEBUG] Play mode: False
2022-12-31 18:31:15.1788 [DEBUG] Scene Fusion version 1.9.3-0
2022-12-31 18:31:15.3154 [DEBUG] Play mode: True, sync in play mode: False
2022-12-31 18:32:30.9144 [DEBUG] Play mode: False
2022-12-31 18:32:59.2465 [DEBUG] Scene Fusion version 1.9.3-0
2022-12-31 18:32:59.3941 [DEBUG] Play mode: True, sync in play mode: False
2022-12-31 18:33:04.1017 [DEBUG] Play mode: False
2022-12-31 18:33:57.1683 [DEBUG] Scene Fusion version 1.9.3-0
2022-12-31 18:33:57.3123 [DEBUG] Play mode: True, sync in play mode: False
2022-12-31 18:34:08.8785 [DEBUG] Play mode: False
2022-12-31 20:54:47.8730 [DEBUG] Scene Fusion version 1.9.3-0
2022-12-31 21:56:01.4031 [DEBUG] Scene Fusion version 1.9.3-0
2022-12-31 21:56:01.5934 [DEBUG] Play mode: True, sync in play mode: False
2022-12-31 21:56:21.2286 [ERROR] UnassignedReferenceException: The variable destination of Teleporter has not been assigned.
You probably need to assign the destination variable of the Teleporter script in the inspector.
UnityEngine.Transform.get_position () (at <874d3e57e8754567b5753a47cbb1ae54>:0)
PlayerTeleport.Update () (at Assets/PlayerTeleport.cs:21)

2022-12-31 21:56:21.5865 [ERROR] UnassignedReferenceException: The variable destination of Teleporter has not been assigned.
You probably need to assign the destination variable of the Teleporter script in the inspector.
UnityEngine.Transform.get_position () (at <874d3e57e8754567b5753a47cbb1ae54>:0)
PlayerTeleport.Update () (at Assets/PlayerTeleport.cs:21)

2022-12-31 21:56:21.9759 [ERROR] UnassignedReferenceException: The variable destination of Teleporter has not been assigned.
You probably need to assign the destination variable of the Teleporter script in the inspector.
UnityEngine.Transform.get_position () (at <874d3e57e8754567b5753a47cbb1ae54>:0)
PlayerTeleport.Update () (at Assets/PlayerTeleport.cs:21)

2022-12-31 21:56:23.1392 [ERROR] UnassignedReferenceException: The variable destination of Teleporter has not been assigned.
You probably need to assign the destination variable of the Teleporter script in the inspector.
UnityEngine.Transform.get_position () (at <874d3e57e8754567b5753a47cbb1ae54>:0)
PlayerTeleport.Update () (at Assets/PlayerTeleport.cs:21)

2022-12-31 21:56:28.7502 [DEBUG] Play mode: False
2022-12-31 21:57:33.3614 [DEBUG] Scene Fusion version 1.9.3-0
2022-12-31 21:57:33.5386 [DEBUG] Play mode: True, sync in play mode: False
2022-12-31 21:58:12.1177 [DEBUG] Play mode: False
2022-12-31 21:58:18.2600 [DEBUG] Scene Fusion version 1.9.3-0
2022-12-31 21:58:18.4446 [DEBUG] Play mode: True, sync in play mode: False
2022-12-31 21:58:19.7682 [DEBUG] Play mode: False
2022-12-31 22:08:18.3154 [DEBUG] Scene Fusion version 1.9.3-0
2022-12-31 22:08:18.6245 [DEBUG] Play mode: True, sync in play mode: False
2022-12-31 22:09:06.0720 [DEBUG] Play mode: False
2022-12-31 22:09:15.2075 [DEBUG] Scene Fusion version 1.9.3-0
2022-12-31 22:09:15.5576 [DEBUG] Play mode: True, sync in play mode: False
2022-12-31 22:09:30.3830 [DEBUG] Play mode: False
2022-12-31 22:09:52.9052 [DEBUG] Scene Fusion version 1.9.3-0
2022-12-31 22:09:53.2370 [DEBUG] Play mode: True, sync in play mode: False
2022-12-31 22:09:54.7111 [DEBUG] Play mode: False
2022-12-31 22:10:03.6487 [DEBUG] Scene Fusion version 1.9.3-0
2022-12-31 22:10:04.0034 [DEBUG] Play mode: True, sync in play mode: False
2022-12-31 22:10:06.8169 [DEBUG] Play mode: False
2022-12-31 22:10:16.6893 [DEBUG] Scene Fusion version 1.9.3-0
2022-12-31 22:10:17.0041 [DEBUG] Play mode: True, sync in play mode: False
2022-12-31 22:10:33.0599 [DEBUG] Play mode: False
2022-12-31 22:10:50.2885 [DEBUG] Scene Fusion version 1.9.3-0
2022-12-31 22:10:50.6309 [DEBUG] Play mode: True, sync in play mode: False
2022-12-31 22:10:52.8155 [DEBUG] Play mode: False
2022-12-31 22:11:03.3859 [DEBUG] Scene Fusion version 1.9.3-0
2022-12-31 22:11:03.7034 [DEBUG] Play mode: True, sync in play mode: False
2022-12-31 22:11:28.1805 [DEBUG] Play mode: False
2022-12-31 22:11:53.1929 [DEBUG] Scene Fusion version 1.9.3-0
2022-12-31 22:11:53.5125 [DEBUG] Play mode: True, sync in play mode: False
2022-12-31 22:11:56.8233 [DEBUG] Play mode: False
2022-12-31 22:12:05.5515 [DEBUG] Scene Fusion version 1.9.3-0
2022-12-31 22:12:05.8719 [DEBUG] Play mode: True, sync in play mode: False
2022-12-31 22:12:30.5301 [DEBUG] Play mode: False
2022-12-31 22:12:39.9097 [DEBUG] Scene Fusion version 1.9.3-0
2022-12-31 22:12:40.1863 [DEBUG] Play mode: True, sync in play mode: False
2022-12-31 22:12:58.6905 [DEBUG] Play mode: False
2022-12-31 22:28:13.4507 [DEBUG] Scene Fusion version 1.9.3-0
2022-12-31 22:28:13.5762 [DEBUG] Play mode: True, sync in play mode: False
2022-12-31 22:30:41.8331 [ERROR] IndexOutOfRangeException: Index was outside the bounds of the array.
updateBigDoor.ChangeSprite () (at Assets/updateBigDoor.cs:91)
UnityEngine.Events.InvokableCall.Invoke () (at <874d3e57e8754567b5753a47cbb1ae54>:0)
UnityEngine.Events.UnityEvent.Invoke () (at <874d3e57e8754567b5753a47cbb1ae54>:0)
Rune.Update () (at Assets/Rune.cs:32)

2022-12-31 22:30:51.8814 [DEBUG] Play mode: False
2022-12-31 22:32:49.9562 [DEBUG] Scene Fusion version 1.9.3-0
2022-12-31 22:32:50.0961 [DEBUG] Play mode: True, sync in play mode: False
2022-12-31 22:33:16.9945 [DEBUG] Play mode: False
2022-12-31 22:34:00.7902 [DEBUG] Scene Fusion version 1.9.3-0
2022-12-31 22:34:00.9131 [DEBUG] Play mode: True, sync in play mode: False
2022-12-31 22:34:04.1517 [DEBUG] Play mode: False
2022-12-31 22:34:08.9417 [DEBUG] Scene Fusion version 1.9.3-0
2022-12-31 22:34:09.0665 [DEBUG] Play mode: True, sync in play mode: False
2022-12-31 22:34:54.6649 [DEBUG] Play mode: False
